<?xml version="1.0" encoding="UTF-8"?>
<!-- Generated by org.testng.reporters.JUnitReportReporter -->
<testsuite hostname="SIDDHU" failures="0" tests="1" name="tdigital.ksight.LoginTest" time="13.609" errors="0" timestamp="2024-02-12T01:04:30 EST" skipped="0">
  <testcase classname="tdigital.ksight.LoginTest" name="TC_login1" time="13.609"/>
  <system-out/>
</testsuite> <!-- tdigital.ksight.LoginTest -->
